<?xml version="1.0" encoding="UTF-8"?>
<!-- Generated by org.testng.reporters.JUnitXMLReporter -->
<testsuite ignored="0" hostname="APPU-PC" failures="0" tests="5" name="Default test" time="20.94" errors="0" timestamp="2023-01-09T14:10:45 IST">
  <testcase classname="TestCase.LoginPageTest" name="VerifyBotLogoTest" time="0.127"/>
  <testcase classname="TestCase.LoginPageTest" name="VerifyCurrentUrl" time="0.011"/>
  <testcase classname="TestCase.LoginPageTest" name="VerifyLoginInfoTest" time="0.394"/>
  <testcase classname="TestCase.LoginPageTest" name="VerifyLoginLogoTest" time="0.11"/>
  <testcase classname="TestCase.LoginPageTest" name="VerifyTileTest" time="0.017"/>
</testsuite> <!-- Default test -->
