<?xml version="1.0" encoding="UTF-8"?>
<!-- Generated by org.testng.reporters.JUnitXMLReporter -->
<testsuite ignored="14" hostname="APPU-PC" failures="0" tests="3" name="Test" time="13.704" errors="0" timestamp="2023-01-09T14:13:06 IST">
  <testcase classname="TestCase.InventoyPageTest" name="VerifyCurrentTitleTest" time="0.03"/>
  <testcase classname="TestCase.LoginPageTest" name="VerifyCurrentUrl" time="0.039"/>
  <testcase classname="TestCase.LoginPageTest" name="VerifyTileTest" time="0.017"/>
  <testcase classname="TestCase.CartPageTest" name="verifyUrl" time="0.0">
    <ignored/>
  </testcase> <!-- verifyUrl -->
  <testcase classname="TestCase.CheckoutTest" name="VerifyUrlTest" time="0.0">
    <ignored/>
  </testcase> <!-- VerifyUrlTest -->
  <testcase classname="TestCase.CartPageTest" name="CartCountTest" time="0.0">
    <ignored/>
  </testcase> <!-- CartCountTest -->
  <testcase classname="TestCase.LoginPageTest" name="VerifyBotLogoTest" time="0.0">
    <ignored/>
  </testcase> <!-- VerifyBotLogoTest -->
  <testcase classname="TestCase.InventoyPageTest" name="VerifyCountTest" time="0.0">
    <ignored/>
  </testcase> <!-- VerifyCountTest -->
  <testcase classname="TestCase.InventoyPageTest" name="VerifyLinkedInTest" time="0.0">
    <ignored/>
  </testcase> <!-- VerifyLinkedInTest -->
  <testcase classname="TestCase.LoginPageTest" name="VerifyLoginLogoTest" time="0.0">
    <ignored/>
  </testcase> <!-- VerifyLoginLogoTest -->
  <testcase classname="TestCase.InventoyPageTest" name="VerifyTitleTest" time="0.0">
    <ignored/>
  </testcase> <!-- VerifyTitleTest -->
  <testcase classname="TestCase.InventoyPageTest" name="VerifyTwitterTest" time="0.0">
    <ignored/>
  </testcase> <!-- VerifyTwitterTest -->
  <testcase classname="TestCase.InventoyPageTest" name="VerifyFacebookTest" time="0.0">
    <ignored/>
  </testcase> <!-- VerifyFacebookTest -->
  <testcase classname="TestCase.CheckoutTest" name="VerifyCheckoutInfoTest" time="0.0">
    <ignored/>
  </testcase> <!-- VerifyCheckoutInfoTest -->
  <testcase classname="TestCase.Checkout2Test" name="verifyCurrentUrlTest" time="0.0">
    <ignored/>
  </testcase> <!-- verifyCurrentUrlTest -->
  <testcase classname="TestCase.LoginPageTest" name="VerifyLoginInfoTest" time="0.0">
    <ignored/>
  </testcase> <!-- VerifyLoginInfoTest -->
  <testcase classname="TestCase.Checkout2Test" name="VerifyFinish" time="0.0">
    <ignored/>
  </testcase> <!-- VerifyFinish -->
</testsuite> <!-- Test -->
